<?xml version="1.0" encoding="UTF-8" standalone="no"?>
<testsuite errors="0" failures="1" name="io.cucumber.core.plugin.JUnitFormatter" skipped="0" tests="12" time="148.006">
<testcase classname="F01_Register | users could register with new accounts" name="guest user could register with valid data successfully" time="15.251">
<system-out><![CDATA[Given navigate to url website...............................................passed
And click on register page..................................................passed
And enter first name and last name..........................................passed
And enter email field.......................................................passed
And enter Password field....................................................passed
And enter Confirmed password................................................passed
And clicks on register button...............................................passed
Then success message........................................................passed
]]></system-out>
</testcase>
<testcase classname="Login_ user could login to the system with valid account" name="valid login" time="9.191">
<system-out><![CDATA[Given navigate to url website...............................................passed
And go to login page........................................................passed
When enter valid email and password.........................................passed
And click on login button...................................................passed
Then verify that user logged in successfully................................passed
]]></system-out>
</testcase>
<testcase classname="Login_ user could login to the system with valid account" name="invalid login" time="9.993">
<system-out><![CDATA[Given navigate to url website...............................................passed
And go to login page........................................................passed
When enter invalid email and password.......................................passed
And click on login button...................................................passed
Then verify that user didn't logged in successfully.........................passed
]]></system-out>
</testcase>
<testcase classname="Login_ user could login to the system with valid account" name="empty login" time="9.208">
<system-out><![CDATA[Given navigate to url website...............................................passed
And go to login page........................................................passed
When Don't enter email and password.........................................passed
And click on login button...................................................passed
Then Unsuccessfully login...................................................passed
]]></system-out>
</testcase>
<testcase classname="User searchers for elements" name="user could search using variables" time="13.412">
<failure message="The following asserts failed:&#10;&#9;expected [true] but found [false]" type="java.lang.AssertionError"><![CDATA[Given navigate to url website...............................................passed
And go to login page........................................................passed
When enter valid email and password.........................................passed
And click on login button...................................................passed
Given User searches with "book".............................................passed
And Search Show The Result For..............................................passed
Then User See The Products "book"...........................................failed

StackTrace:
java.lang.AssertionError: The following asserts failed:
	expected [true] but found [false]
	at org.testng.asserts.SoftAssert.assertAll(SoftAssert.java:46)
	at org.testng.asserts.SoftAssert.assertAll(SoftAssert.java:30)
	at org.example.stepDefintion.TC02_Search.TheProducts(TC02_Search.java:31)
	at âœ½.User See The Products "book"(file:///C:/Users/ahmed/IdeaProjects/ODC/src/main/resources/features/F02_Search.feature:10)
]]></failure>
</testcase>
<testcase classname="User searchers for elements" name="user could search using variables 2" time="9.439">
<system-out><![CDATA[Given navigate to url website...............................................passed
And go to login page........................................................passed
When enter valid email and password.........................................passed
And click on login button...................................................passed
Given User searches with "laptop"...........................................passed
And Search Show The Result For..............................................passed
Then User See The Products "laptop".........................................passed
]]></system-out>
</testcase>
<testcase classname="User searchers for elements" name="user could search using variables 3" time="12.892">
<system-out><![CDATA[Given navigate to url website...............................................passed
And go to login page........................................................passed
When enter valid email and password.........................................passed
And click on login button...................................................passed
Given User searches with "nike".............................................passed
And Search Show The Result For..............................................passed
Then User See The Products "nike"...........................................passed
]]></system-out>
</testcase>
<testcase classname="User searchers for elements" name="user could search for products using sku" time="13.826">
<system-out><![CDATA[Given navigate to url website...............................................passed
And go to login page........................................................passed
When enter valid email and password.........................................passed
And click on login button...................................................passed
When user searches with SerialNumber "SCI_FAITH"............................passed
And Search Show The Result For..............................................passed
Then User See The Products For SerialNumber "SCI_FAITH".....................passed
]]></system-out>
</testcase>
<testcase classname="User searchers for elements" name="user could search for products using sku 2" time="12.92">
<system-out><![CDATA[Given navigate to url website...............................................passed
And go to login page........................................................passed
When enter valid email and password.........................................passed
And click on login button...................................................passed
When user searches with SerialNumber "APPLE_CAM"............................passed
And Search Show The Result For..............................................passed
Then User See The Products For SerialNumber "APPLE_CAM".....................passed
]]></system-out>
</testcase>
<testcase classname="User searchers for elements" name="user could search for products using sku 3" time="10.894">
<system-out><![CDATA[Given navigate to url website...............................................passed
And go to login page........................................................passed
When enter valid email and password.........................................passed
And click on login button...................................................passed
When user searches with SerialNumber "SF_PRO_11"............................passed
And Search Show The Result For..............................................passed
Then User See The Products For SerialNumber "SF_PRO_11".....................passed
]]></system-out>
</testcase>
<testcase classname="Change The Currency From Dollar To Euro" name="change currency" time="14.588">
<system-out><![CDATA[Given navigate to url website...............................................passed
And go to login page........................................................passed
When enter valid email and password.........................................passed
And click on login button...................................................passed
Given navigate to url website...............................................passed
And click on customer currency..............................................passed
And choose euro currency....................................................passed
]]></system-out>
</testcase>
<testcase classname="user hover on categories" name="User can hoover on different subcategories" time="15.596">
<system-out><![CDATA[Given navigate to url website...............................................passed
And go to login page........................................................passed
When enter valid email and password.........................................passed
And click on login button...................................................passed
When user select random one of the three main categories....................passed
And user clicks on items from subcategories.................................passed
Then user could hover on sub categories of the selected main category.......passed
]]></system-out>
</testcase>
</testsuite>
