<?xml version="1.0" encoding="UTF-8"?>
<!-- Generated by org.testng.reporters.JUnitReportReporter -->
<testsuite skipped="0" hostname="DESKTOP-4V9IFIM" name="org.example.testRunner.Runner" tests="12" failures="1" timestamp="2023-03-29T00:02:45 EET" time="147.725" errors="0">
  <testcase name="runScenario" time="12.938" classname="org.example.testRunner.Runner"/>
  <system-out/>
  <testcase name="runScenario" time="14.619" classname="org.example.testRunner.Runner"/>
  <system-out/>
  <testcase name="runScenario" time="10.909" classname="org.example.testRunner.Runner"/>
  <system-out/>
  <testcase name="runScenario" time="9.225" classname="org.example.testRunner.Runner"/>
  <system-out/>
  <testcase name="runScenario" time="13.858" classname="org.example.testRunner.Runner"/>
  <system-out/>
  <testcase name="runScenario" time="10.021" classname="org.example.testRunner.Runner"/>
  <system-out/>
  <testcase name="runScenario" time="15.614" classname="org.example.testRunner.Runner"/>
  <system-out/>
  <testcase name="runScenario" time="9.486" classname="org.example.testRunner.Runner"/>
  <system-out/>
  <testcase name="runScenario" time="9.239" classname="org.example.testRunner.Runner"/>
  <system-out/>
  <testcase name="runScenario" time="12.907" classname="org.example.testRunner.Runner"/>
  <system-out/>
  <testcase name="runScenario" time="15.459" classname="org.example.testRunner.Runner"/>
  <system-out/>
  <testcase name="runScenario" time="13.450" classname="org.example.testRunner.Runner">
    <failure type="java.lang.AssertionError" message="The following asserts failed:
	expected [true] but found [false]">
      <![CDATA[java.lang.AssertionError: The following asserts failed:
expected [true] but found [false]
at org.testng.asserts.SoftAssert.assertAll(SoftAssert.java:46)
at org.testng.asserts.SoftAssert.assertAll(SoftAssert.java:30)
at org.example.stepDefintion.TC02_Search.TheProducts(TC02_Search.java:31)
at âœ½.User See The Products "book"(file:///C:/Users/ahmed/IdeaProjects/ODC/src/main/resources/features/F02_Search.feature:10)
]]>
    </failure>
  </testcase> <!-- runScenario -->
  <system-out/>
</testsuite> <!-- org.example.testRunner.Runner -->
